{"/Users/rodrigorafaelchipacheco/Desktop/NodeJs/inventary/src/controllers/UserController.ts": {"path":"/Users/rodrigorafaelchipacheco/Desktop/NodeJs/inventary/src/controllers/UserController.ts","statementMap":{"0":{"start":{"line":2,"column":0},"end":{"line":2,"column":54}},"1":{"start":{"line":3,"column":0},"end":{"line":3,"column":64}},"2":{"start":{"line":4,"column":0},"end":{"line":4,"column":52}},"3":{"start":{"line":16,"column":2},"end":{"line":23,"column":4}},"4":{"start":{"line":21,"column":18},"end":{"line":21,"column":54}},"5":{"start":{"line":22,"column":4},"end":{"line":22,"column":32}},"6":{"start":{"line":28,"column":2},"end":{"line":35,"column":4}},"7":{"start":{"line":33,"column":17},"end":{"line":33,"column":66}},"8":{"start":{"line":34,"column":4},"end":{"line":34,"column":31}},"9":{"start":{"line":40,"column":2},"end":{"line":48,"column":4}},"10":{"start":{"line":45,"column":26},"end":{"line":45,"column":66}},"11":{"start":{"line":46,"column":20},"end":{"line":46,"column":68}},"12":{"start":{"line":47,"column":4},"end":{"line":47,"column":34}},"13":{"start":{"line":53,"column":2},"end":{"line":64,"column":4}},"14":{"start":{"line":58,"column":26},"end":{"line":58,"column":66}},"15":{"start":{"line":59,"column":24},"end":{"line":61,"column":null}},"16":{"start":{"line":63,"column":4},"end":{"line":63,"column":38}},"17":{"start":{"line":69,"column":2},"end":{"line":76,"column":4}},"18":{"start":{"line":74,"column":4},"end":{"line":74,"column":53}},"19":{"start":{"line":75,"column":4},"end":{"line":75,"column":72}},"20":{"start":{"line":10,"column":4},"end":{"line":10,"column":41}},"21":{"start":{"line":6,"column":0},"end":{"line":6,"column":13}}},"fnMap":{"0":{"name":"(anonymous_0)","decl":{"start":{"line":9,"column":2},"end":{"line":9,"column":null}},"loc":{"start":{"line":9,"column":2},"end":{"line":11,"column":3}}},"1":{"name":"(anonymous_1)","decl":{"start":{"line":16,"column":16},"end":{"line":16,"column":21}},"loc":{"start":{"line":20,"column":21},"end":{"line":23,"column":3}}},"2":{"name":"(anonymous_2)","decl":{"start":{"line":28,"column":16},"end":{"line":28,"column":21}},"loc":{"start":{"line":32,"column":21},"end":{"line":35,"column":3}}},"3":{"name":"(anonymous_3)","decl":{"start":{"line":40,"column":15},"end":{"line":40,"column":20}},"loc":{"start":{"line":44,"column":21},"end":{"line":48,"column":3}}},"4":{"name":"(anonymous_4)","decl":{"start":{"line":53,"column":15},"end":{"line":53,"column":20}},"loc":{"start":{"line":57,"column":21},"end":{"line":64,"column":3}}},"5":{"name":"(anonymous_5)","decl":{"start":{"line":69,"column":15},"end":{"line":69,"column":20}},"loc":{"start":{"line":73,"column":21},"end":{"line":76,"column":3}}}},"branchMap":{},"s":{"0":1,"1":1,"2":1,"3":5,"4":1,"5":1,"6":5,"7":1,"8":1,"9":5,"10":1,"11":1,"12":1,"13":5,"14":1,"15":1,"16":1,"17":5,"18":1,"19":1,"20":5,"21":1},"f":{"0":5,"1":1,"2":1,"3":1,"4":1,"5":1},"b":{}}
,"/Users/rodrigorafaelchipacheco/Desktop/NodeJs/inventary/src/dtos/user.dto.ts": {"path":"/Users/rodrigorafaelchipacheco/Desktop/NodeJs/inventary/src/dtos/user.dto.ts","statementMap":{"0":{"start":{"line":1,"column":0},"end":{"line":1,"column":null}},"1":{"start":{"line":10,"column":0},"end":{"line":10,"column":13}},"2":{"start":{"line":15,"column":2},"end":{"line":15,"column":null}},"3":{"start":{"line":19,"column":2},"end":{"line":19,"column":null}},"4":{"start":{"line":23,"column":2},"end":{"line":23,"column":null}},"5":{"start":{"line":30,"column":2},"end":{"line":30,"column":null}},"6":{"start":{"line":33,"column":0},"end":{"line":33,"column":13}},"7":{"start":{"line":38,"column":2},"end":{"line":38,"column":null}},"8":{"start":{"line":42,"column":2},"end":{"line":42,"column":null}},"9":{"start":{"line":46,"column":2},"end":{"line":46,"column":null}},"10":{"start":{"line":53,"column":2},"end":{"line":53,"column":null}},"11":{"start":{"line":56,"column":0},"end":{"line":56,"column":13}}},"fnMap":{},"branchMap":{},"s":{"0":3,"1":3,"2":3,"3":3,"4":3,"5":3,"6":3,"7":3,"8":3,"9":3,"10":3,"11":3},"f":{},"b":{}}
,"/Users/rodrigorafaelchipacheco/Desktop/NodeJs/inventary/src/entities/User.ts": {"path":"/Users/rodrigorafaelchipacheco/Desktop/NodeJs/inventary/src/entities/User.ts","statementMap":{"0":{"start":{"line":1,"column":0},"end":{"line":1,"column":null}},"1":{"start":{"line":10,"column":7},"end":{"line":31,"column":null}},"2":{"start":{"line":10,"column":13},"end":{"line":10,"column":17}},"3":{"start":{"line":12,"column":2},"end":{"line":12,"column":null}},"4":{"start":{"line":15,"column":2},"end":{"line":15,"column":null}},"5":{"start":{"line":18,"column":2},"end":{"line":18,"column":null}},"6":{"start":{"line":21,"column":2},"end":{"line":21,"column":null}},"7":{"start":{"line":24,"column":2},"end":{"line":24,"column":null}},"8":{"start":{"line":27,"column":2},"end":{"line":27,"column":null}},"9":{"start":{"line":30,"column":2},"end":{"line":30,"column":null}},"10":{"start":{"line":10,"column":13},"end":{"line":31,"column":null}}},"fnMap":{},"branchMap":{},"s":{"0":2,"1":2,"2":2,"3":2,"4":2,"5":2,"6":2,"7":2,"8":2,"9":2,"10":2},"f":{},"b":{}}
,"/Users/rodrigorafaelchipacheco/Desktop/NodeJs/inventary/src/mappers/base.mapper.ts": {"path":"/Users/rodrigorafaelchipacheco/Desktop/NodeJs/inventary/src/mappers/base.mapper.ts","statementMap":{"0":{"start":{"line":28,"column":4},"end":{"line":28,"column":64}},"1":{"start":{"line":28,"column":36},"end":{"line":28,"column":62}},"2":{"start":{"line":14,"column":0},"end":{"line":14,"column":22}}},"fnMap":{"0":{"name":"(anonymous_0)","decl":{"start":{"line":27,"column":2},"end":{"line":27,"column":19}},"loc":{"start":{"line":27,"column":38},"end":{"line":29,"column":3}}},"1":{"name":"(anonymous_1)","decl":{"start":{"line":28,"column":24},"end":{"line":28,"column":25}},"loc":{"start":{"line":28,"column":36},"end":{"line":28,"column":62}}}},"branchMap":{},"s":{"0":2,"1":4,"2":2},"f":{"0":2,"1":4},"b":{}}
,"/Users/rodrigorafaelchipacheco/Desktop/NodeJs/inventary/src/mappers/user.mapper.ts": {"path":"/Users/rodrigorafaelchipacheco/Desktop/NodeJs/inventary/src/mappers/user.mapper.ts","statementMap":{"0":{"start":{"line":1,"column":0},"end":{"line":1,"column":40}},"1":{"start":{"line":2,"column":0},"end":{"line":2,"column":null}},"2":{"start":{"line":7,"column":0},"end":{"line":7,"column":43}},"3":{"start":{"line":8,"column":0},"end":{"line":8,"column":35}},"4":{"start":{"line":20,"column":17},"end":{"line":20,"column":27}},"5":{"start":{"line":21,"column":4},"end":{"line":21,"column":31}},"6":{"start":{"line":22,"column":4},"end":{"line":22,"column":33}},"7":{"start":{"line":23,"column":4},"end":{"line":23,"column":43}},"8":{"start":{"line":25,"column":4},"end":{"line":25,"column":16}},"9":{"start":{"line":32,"column":17},"end":{"line":32,"column":41}},"10":{"start":{"line":33,"column":4},"end":{"line":33,"column":64}},"11":{"start":{"line":34,"column":4},"end":{"line":34,"column":16}},"12":{"start":{"line":41,"column":35},"end":{"line":41,"column":37}},"13":{"start":{"line":43,"column":4},"end":{"line":45,"column":5}},"14":{"start":{"line":44,"column":6},"end":{"line":44,"column":36}},"15":{"start":{"line":47,"column":4},"end":{"line":49,"column":5}},"16":{"start":{"line":48,"column":6},"end":{"line":48,"column":38}},"17":{"start":{"line":51,"column":4},"end":{"line":53,"column":5}},"18":{"start":{"line":52,"column":6},"end":{"line":52,"column":42}},"19":{"start":{"line":55,"column":4},"end":{"line":55,"column":19}},"20":{"start":{"line":65,"column":20},"end":{"line":65,"column":58}},"21":{"start":{"line":67,"column":4},"end":{"line":69,"column":5}},"22":{"start":{"line":68,"column":6},"end":{"line":68,"column":69}},"23":{"start":{"line":71,"column":4},"end":{"line":71,"column":19}},"24":{"start":{"line":78,"column":16},"end":{"line":78,"column":37}},"25":{"start":{"line":79,"column":4},"end":{"line":79,"column":23}},"26":{"start":{"line":80,"column":4},"end":{"line":80,"column":27}},"27":{"start":{"line":81,"column":4},"end":{"line":81,"column":29}},"28":{"start":{"line":82,"column":4},"end":{"line":82,"column":33}},"29":{"start":{"line":83,"column":4},"end":{"line":83,"column":37}},"30":{"start":{"line":84,"column":4},"end":{"line":84,"column":37}},"31":{"start":{"line":86,"column":4},"end":{"line":86,"column":15}},"32":{"start":{"line":93,"column":4},"end":{"line":93,"column":43}},"33":{"start":{"line":10,"column":0},"end":{"line":10,"column":13}}},"fnMap":{"0":{"name":"(anonymous_9)","decl":{"start":{"line":19,"column":2},"end":{"line":19,"column":10}},"loc":{"start":{"line":19,"column":35},"end":{"line":26,"column":3}}},"1":{"name":"(anonymous_10)","decl":{"start":{"line":31,"column":2},"end":{"line":31,"column":7}},"loc":{"start":{"line":31,"column":59},"end":{"line":35,"column":3}}},"2":{"name":"(anonymous_11)","decl":{"start":{"line":40,"column":2},"end":{"line":40,"column":16}},"loc":{"start":{"line":40,"column":55},"end":{"line":56,"column":3}}},"3":{"name":"(anonymous_12)","decl":{"start":{"line":61,"column":2},"end":{"line":61,"column":7}},"loc":{"start":{"line":63,"column":28},"end":{"line":72,"column":3}}},"4":{"name":"(anonymous_13)","decl":{"start":{"line":77,"column":2},"end":{"line":77,"column":15}},"loc":{"start":{"line":77,"column":28},"end":{"line":87,"column":3}}},"5":{"name":"(anonymous_14)","decl":{"start":{"line":92,"column":10},"end":{"line":92,"column":15}},"loc":{"start":{"line":92,"column":45},"end":{"line":94,"column":3}}}},"branchMap":{"0":{"loc":{"start":{"line":23,"column":19},"end":{"line":23,"column":42}},"type":"binary-expr","locations":[{"start":{"line":23,"column":19},"end":{"line":23,"column":36}},{"start":{"line":23,"column":40},"end":{"line":23,"column":42}}]},"1":{"loc":{"start":{"line":43,"column":4},"end":{"line":45,"column":5}},"type":"if","locations":[{"start":{"line":43,"column":4},"end":{"line":45,"column":5}},{"start":{},"end":{}}]},"2":{"loc":{"start":{"line":47,"column":4},"end":{"line":49,"column":5}},"type":"if","locations":[{"start":{"line":47,"column":4},"end":{"line":49,"column":5}},{"start":{},"end":{}}]},"3":{"loc":{"start":{"line":51,"column":4},"end":{"line":53,"column":5}},"type":"if","locations":[{"start":{"line":51,"column":4},"end":{"line":53,"column":5}},{"start":{},"end":{}}]},"4":{"loc":{"start":{"line":67,"column":4},"end":{"line":69,"column":5}},"type":"if","locations":[{"start":{"line":67,"column":4},"end":{"line":69,"column":5}},{"start":{},"end":{}}]}},"s":{"0":2,"1":2,"2":2,"3":2,"4":4,"5":4,"6":4,"7":4,"8":4,"9":2,"10":2,"11":2,"12":5,"13":5,"14":5,"15":5,"16":4,"17":5,"18":0,"19":5,"20":3,"21":3,"22":1,"23":3,"24":7,"25":7,"26":7,"27":7,"28":7,"29":7,"30":7,"31":7,"32":3,"33":2},"f":{"0":4,"1":2,"2":5,"3":3,"4":7,"5":3},"b":{"0":[4,1],"1":[5,0],"2":[4,1],"3":[0,5],"4":[1,2]}}
,"/Users/rodrigorafaelchipacheco/Desktop/NodeJs/inventary/src/middleware/errorHandler.ts": {"path":"/Users/rodrigorafaelchipacheco/Desktop/NodeJs/inventary/src/middleware/errorHandler.ts","statementMap":{"0":{"start":{"line":2,"column":0},"end":{"line":2,"column":50}},"1":{"start":{"line":8,"column":4},"end":{"line":8,"column":19}},"2":{"start":{"line":9,"column":4},"end":{"line":9,"column":33}},"3":{"start":{"line":10,"column":4},"end":{"line":10,"column":38}},"4":{"start":{"line":11,"column":4},"end":{"line":11,"column":52}},"5":{"start":{"line":4,"column":0},"end":{"line":4,"column":13}},"6":{"start":{"line":17,"column":4},"end":{"line":17,"column":24}},"7":{"start":{"line":15,"column":0},"end":{"line":15,"column":13}},"8":{"start":{"line":23,"column":4},"end":{"line":23,"column":24}},"9":{"start":{"line":21,"column":0},"end":{"line":21,"column":13}},"10":{"start":{"line":29,"column":4},"end":{"line":29,"column":24}},"11":{"start":{"line":27,"column":0},"end":{"line":27,"column":13}},"12":{"start":{"line":33,"column":28},"end":{"line":64,"column":1}},"13":{"start":{"line":39,"column":2},"end":{"line":39,"column":33}},"14":{"start":{"line":41,"column":2},"end":{"line":47,"column":3}},"15":{"start":{"line":42,"column":4},"end":{"line":45,"column":7}},"16":{"start":{"line":46,"column":4},"end":{"line":46,"column":11}},"17":{"start":{"line":50,"column":2},"end":{"line":57,"column":3}},"18":{"start":{"line":51,"column":26},"end":{"line":51,"column":81}},"19":{"start":{"line":51,"column":43},"end":{"line":51,"column":73}},"20":{"start":{"line":52,"column":4},"end":{"line":55,"column":7}},"21":{"start":{"line":56,"column":4},"end":{"line":56,"column":11}},"22":{"start":{"line":60,"column":2},"end":{"line":63,"column":5}},"23":{"start":{"line":33,"column":13},"end":{"line":33,"column":28}}},"fnMap":{"0":{"name":"(anonymous_0)","decl":{"start":{"line":7,"column":2},"end":{"line":7,"column":14}},"loc":{"start":{"line":7,"column":55},"end":{"line":12,"column":3}}},"1":{"name":"(anonymous_1)","decl":{"start":{"line":16,"column":2},"end":{"line":16,"column":14}},"loc":{"start":{"line":16,"column":55},"end":{"line":18,"column":3}}},"2":{"name":"(anonymous_2)","decl":{"start":{"line":22,"column":2},"end":{"line":22,"column":14}},"loc":{"start":{"line":22,"column":54},"end":{"line":24,"column":3}}},"3":{"name":"(anonymous_3)","decl":{"start":{"line":28,"column":2},"end":{"line":28,"column":14}},"loc":{"start":{"line":28,"column":47},"end":{"line":30,"column":3}}},"4":{"name":"(anonymous_4)","decl":{"start":{"line":33,"column":28},"end":{"line":33,"column":null}},"loc":{"start":{"line":38,"column":10},"end":{"line":64,"column":1}}},"5":{"name":"(anonymous_5)","decl":{"start":{"line":51,"column":36},"end":{"line":51,"column":39}},"loc":{"start":{"line":51,"column":43},"end":{"line":51,"column":73}}}},"branchMap":{"0":{"loc":{"start":{"line":7,"column":31},"end":{"line":7,"column":55}},"type":"default-arg","locations":[{"start":{"line":7,"column":52},"end":{"line":7,"column":55}}]},"1":{"loc":{"start":{"line":16,"column":14},"end":{"line":16,"column":55}},"type":"default-arg","locations":[{"start":{"line":16,"column":32},"end":{"line":16,"column":55}}]},"2":{"loc":{"start":{"line":22,"column":14},"end":{"line":22,"column":54}},"type":"default-arg","locations":[{"start":{"line":22,"column":32},"end":{"line":22,"column":54}}]},"3":{"loc":{"start":{"line":28,"column":14},"end":{"line":28,"column":47}},"type":"default-arg","locations":[{"start":{"line":28,"column":32},"end":{"line":28,"column":47}}]},"4":{"loc":{"start":{"line":41,"column":2},"end":{"line":47,"column":3}},"type":"if","locations":[{"start":{"line":41,"column":2},"end":{"line":47,"column":3}},{"start":{},"end":{}}]},"5":{"loc":{"start":{"line":50,"column":2},"end":{"line":57,"column":3}},"type":"if","locations":[{"start":{"line":50,"column":2},"end":{"line":57,"column":3}},{"start":{},"end":{}}]},"6":{"loc":{"start":{"line":50,"column":6},"end":{"line":50,"column":65}},"type":"binary-expr","locations":[{"start":{"line":50,"column":6},"end":{"line":50,"column":26}},{"start":{"line":50,"column":30},"end":{"line":50,"column":65}}]}},"s":{"0":1,"1":5,"2":5,"3":5,"4":5,"5":1,"6":4,"7":1,"8":1,"9":1,"10":0,"11":1,"12":1,"13":0,"14":0,"15":0,"16":0,"17":0,"18":0,"19":0,"20":0,"21":0,"22":0,"23":1},"f":{"0":5,"1":4,"2":1,"3":0,"4":0,"5":0},"b":{"0":[0],"1":[0],"2":[0],"3":[0],"4":[0,0],"5":[0,0],"6":[0,0]}}
,"/Users/rodrigorafaelchipacheco/Desktop/NodeJs/inventary/src/middleware/validation.ts": {"path":"/Users/rodrigorafaelchipacheco/Desktop/NodeJs/inventary/src/middleware/validation.ts","statementMap":{"0":{"start":{"line":12,"column":0},"end":{"line":12,"column":16}},"1":{"start":{"line":2,"column":0},"end":{"line":2,"column":60}},"2":{"start":{"line":3,"column":0},"end":{"line":3,"column":52}},"3":{"start":{"line":4,"column":0},"end":{"line":4,"column":49}},"4":{"start":{"line":5,"column":0},"end":{"line":5,"column":64}},"5":{"start":{"line":16,"column":2},"end":{"line":39,"column":4}},"6":{"start":{"line":21,"column":4},"end":{"line":38,"column":5}},"7":{"start":{"line":22,"column":24},"end":{"line":22,"column":54}},"8":{"start":{"line":23,"column":21},"end":{"line":27,"column":8}},"9":{"start":{"line":29,"column":6},"end":{"line":32,"column":7}},"10":{"start":{"line":30,"column":24},"end":{"line":30,"column":54}},"11":{"start":{"line":31,"column":8},"end":{"line":31,"column":43}},"12":{"start":{"line":34,"column":6},"end":{"line":34,"column":27}},"13":{"start":{"line":35,"column":6},"end":{"line":35,"column":13}},"14":{"start":{"line":37,"column":6},"end":{"line":37,"column":18}},"15":{"start":{"line":46,"column":2},"end":{"line":54,"column":16}},"16":{"start":{"line":48,"column":6},"end":{"line":50,"column":7}},"17":{"start":{"line":49,"column":8},"end":{"line":49,"column":59}},"18":{"start":{"line":51,"column":6},"end":{"line":51,"column":16}},"19":{"start":{"line":53,"column":25},"end":{"line":53,"column":39}},"20":{"start":{"line":58,"column":13},"end":{"line":58,"column":61}},"21":{"start":{"line":59,"column":13},"end":{"line":59,"column":67}}},"fnMap":{"0":{"name":"validateDto","decl":{"start":{"line":12,"column":16},"end":{"line":12,"column":27}},"loc":{"start":{"line":14,"column":31},"end":{"line":40,"column":1}}},"1":{"name":"(anonymous_1)","decl":{"start":{"line":16,"column":9},"end":{"line":16,"column":14}},"loc":{"start":{"line":20,"column":21},"end":{"line":39,"column":3}}},"2":{"name":"formatValidationErrors","decl":{"start":{"line":45,"column":9},"end":{"line":45,"column":31}},"loc":{"start":{"line":45,"column":57},"end":{"line":55,"column":1}}},"3":{"name":"(anonymous_3)","decl":{"start":{"line":47,"column":9},"end":{"line":47,"column":10}},"loc":{"start":{"line":47,"column":19},"end":{"line":52,"column":5}}},"4":{"name":"(anonymous_4)","decl":{"start":{"line":53,"column":12},"end":{"line":53,"column":13}},"loc":{"start":{"line":53,"column":25},"end":{"line":53,"column":39}}}},"branchMap":{"0":{"loc":{"start":{"line":14,"column":2},"end":{"line":14,"column":31}},"type":"default-arg","locations":[{"start":{"line":14,"column":26},"end":{"line":14,"column":31}}]},"1":{"loc":{"start":{"line":29,"column":6},"end":{"line":32,"column":7}},"type":"if","locations":[{"start":{"line":29,"column":6},"end":{"line":32,"column":7}},{"start":{},"end":{}}]},"2":{"loc":{"start":{"line":48,"column":6},"end":{"line":50,"column":7}},"type":"if","locations":[{"start":{"line":48,"column":6},"end":{"line":50,"column":7}},{"start":{},"end":{}}]}},"s":{"0":0,"1":0,"2":0,"3":0,"4":0,"5":0,"6":0,"7":0,"8":0,"9":0,"10":0,"11":0,"12":0,"13":0,"14":0,"15":0,"16":0,"17":0,"18":0,"19":0,"20":0,"21":0},"f":{"0":0,"1":0,"2":0,"3":0,"4":0},"b":{"0":[0],"1":[0,0],"2":[0,0]}}
,"/Users/rodrigorafaelchipacheco/Desktop/NodeJs/inventary/src/services/UserService.ts": {"path":"/Users/rodrigorafaelchipacheco/Desktop/NodeJs/inventary/src/services/UserService.ts","statementMap":{"0":{"start":{"line":2,"column":0},"end":{"line":2,"column":40}},"1":{"start":{"line":8,"column":0},"end":{"line":8,"column":76}},"2":{"start":{"line":9,"column":0},"end":{"line":9,"column":52}},"3":{"start":{"line":10,"column":0},"end":{"line":10,"column":51}},"4":{"start":{"line":17,"column":4},"end":{"line":17,"column":60}},"5":{"start":{"line":18,"column":4},"end":{"line":18,"column":39}},"6":{"start":{"line":25,"column":18},"end":{"line":25,"column":50}},"7":{"start":{"line":26,"column":4},"end":{"line":26,"column":52}},"8":{"start":{"line":34,"column":22},"end":{"line":34,"column":38}},"9":{"start":{"line":35,"column":17},"end":{"line":35,"column":53}},"10":{"start":{"line":36,"column":4},"end":{"line":36,"column":47}},"11":{"start":{"line":44,"column":4},"end":{"line":44,"column":57}},"12":{"start":{"line":47,"column":20},"end":{"line":48,"column":null}},"13":{"start":{"line":50,"column":17},"end":{"line":50,"column":52}},"14":{"start":{"line":51,"column":22},"end":{"line":51,"column":58}},"15":{"start":{"line":53,"column":4},"end":{"line":53,"column":52}},"16":{"start":{"line":64,"column":22},"end":{"line":64,"column":38}},"17":{"start":{"line":67,"column":17},"end":{"line":67,"column":53}},"18":{"start":{"line":70,"column":4},"end":{"line":72,"column":5}},"19":{"start":{"line":71,"column":6},"end":{"line":71,"column":70}},"20":{"start":{"line":75,"column":20},"end":{"line":77,"column":null}},"21":{"start":{"line":79,"column":4},"end":{"line":79,"column":57}},"22":{"start":{"line":80,"column":24},"end":{"line":80,"column":78}},"23":{"start":{"line":82,"column":4},"end":{"line":84,"column":5}},"24":{"start":{"line":83,"column":6},"end":{"line":83,"column":55}},"25":{"start":{"line":86,"column":4},"end":{"line":86,"column":54}},"26":{"start":{"line":94,"column":22},"end":{"line":94,"column":38}},"27":{"start":{"line":95,"column":4},"end":{"line":95,"column":41}},"28":{"start":{"line":96,"column":4},"end":{"line":96,"column":48}},"29":{"start":{"line":103,"column":22},"end":{"line":103,"column":64}},"30":{"start":{"line":104,"column":4},"end":{"line":106,"column":5}},"31":{"start":{"line":105,"column":6},"end":{"line":105,"column":58}},"32":{"start":{"line":107,"column":4},"end":{"line":107,"column":21}},"33":{"start":{"line":114,"column":17},"end":{"line":114,"column":60}},"34":{"start":{"line":115,"column":4},"end":{"line":117,"column":5}},"35":{"start":{"line":116,"column":6},"end":{"line":116,"column":55}},"36":{"start":{"line":118,"column":4},"end":{"line":118,"column":16}},"37":{"start":{"line":128,"column":25},"end":{"line":128,"column":71}},"38":{"start":{"line":129,"column":4},"end":{"line":131,"column":5}},"39":{"start":{"line":130,"column":6},"end":{"line":130,"column":63}},"40":{"start":{"line":12,"column":0},"end":{"line":12,"column":13}}},"fnMap":{"0":{"name":"(anonymous_0)","decl":{"start":{"line":16,"column":2},"end":{"line":16,"column":null}},"loc":{"start":{"line":16,"column":2},"end":{"line":19,"column":3}}},"1":{"name":"(anonymous_1)","decl":{"start":{"line":24,"column":2},"end":{"line":24,"column":7}},"loc":{"start":{"line":24,"column":19},"end":{"line":27,"column":3}}},"2":{"name":"(anonymous_2)","decl":{"start":{"line":33,"column":2},"end":{"line":33,"column":7}},"loc":{"start":{"line":33,"column":39},"end":{"line":37,"column":3}}},"3":{"name":"(anonymous_3)","decl":{"start":{"line":42,"column":2},"end":{"line":42,"column":7}},"loc":{"start":{"line":42,"column":47},"end":{"line":54,"column":3}}},"4":{"name":"(anonymous_4)","decl":{"start":{"line":60,"column":2},"end":{"line":60,"column":7}},"loc":{"start":{"line":62,"column":32},"end":{"line":87,"column":3}}},"5":{"name":"(anonymous_5)","decl":{"start":{"line":93,"column":2},"end":{"line":93,"column":7}},"loc":{"start":{"line":93,"column":38},"end":{"line":97,"column":3}}},"6":{"name":"(anonymous_6)","decl":{"start":{"line":102,"column":10},"end":{"line":102,"column":17}},"loc":{"start":{"line":102,"column":37},"end":{"line":108,"column":3}}},"7":{"name":"(anonymous_7)","decl":{"start":{"line":113,"column":10},"end":{"line":113,"column":15}},"loc":{"start":{"line":113,"column":41},"end":{"line":119,"column":3}}},"8":{"name":"(anonymous_8)","decl":{"start":{"line":124,"column":10},"end":{"line":124,"column":15}},"loc":{"start":{"line":126,"column":22},"end":{"line":132,"column":3}}}},"branchMap":{"0":{"loc":{"start":{"line":70,"column":4},"end":{"line":72,"column":5}},"type":"if","locations":[{"start":{"line":70,"column":4},"end":{"line":72,"column":5}},{"start":{},"end":{}}]},"1":{"loc":{"start":{"line":70,"column":8},"end":{"line":70,"column":65}},"type":"binary-expr","locations":[{"start":{"line":70,"column":8},"end":{"line":70,"column":27}},{"start":{"line":70,"column":31},"end":{"line":70,"column":65}}]},"2":{"loc":{"start":{"line":82,"column":4},"end":{"line":84,"column":5}},"type":"if","locations":[{"start":{"line":82,"column":4},"end":{"line":84,"column":5}},{"start":{},"end":{}}]},"3":{"loc":{"start":{"line":103,"column":22},"end":{"line":103,"column":64}},"type":"cond-expr","locations":[{"start":{"line":103,"column":47},"end":{"line":103,"column":59}},{"start":{"line":103,"column":62},"end":{"line":103,"column":64}}]},"4":{"loc":{"start":{"line":104,"column":4},"end":{"line":106,"column":5}},"type":"if","locations":[{"start":{"line":104,"column":4},"end":{"line":106,"column":5}},{"start":{},"end":{}}]},"5":{"loc":{"start":{"line":115,"column":4},"end":{"line":117,"column":5}},"type":"if","locations":[{"start":{"line":115,"column":4},"end":{"line":117,"column":5}},{"start":{},"end":{}}]},"6":{"loc":{"start":{"line":129,"column":4},"end":{"line":131,"column":5}},"type":"if","locations":[{"start":{"line":129,"column":4},"end":{"line":131,"column":5}},{"start":{},"end":{}}]},"7":{"loc":{"start":{"line":129,"column":8},"end":{"line":129,"column":69}},"type":"binary-expr","locations":[{"start":{"line":129,"column":8},"end":{"line":129,"column":20}},{"start":{"line":129,"column":25},"end":{"line":129,"column":35}},{"start":{"line":129,"column":39},"end":{"line":129,"column":68}}]}},"s":{"0":1,"1":1,"2":1,"3":1,"4":9,"5":9,"6":1,"7":1,"8":2,"9":2,"10":1,"11":2,"12":1,"13":1,"14":1,"15":1,"16":2,"17":2,"18":1,"19":1,"20":1,"21":1,"22":1,"23":1,"24":1,"25":0,"26":2,"27":2,"28":1,"29":6,"30":6,"31":0,"32":6,"33":6,"34":6,"35":3,"36":3,"37":3,"38":3,"39":1,"40":1},"f":{"0":9,"1":1,"2":2,"3":2,"4":2,"5":2,"6":6,"7":6,"8":3},"b":{"0":[1,0],"1":[1,1],"2":[1,0],"3":[0,6],"4":[0,6],"5":[3,3],"6":[1,2],"7":[3,2,1]}}
,"/Users/rodrigorafaelchipacheco/Desktop/NodeJs/inventary/src/v1/routes/userRoutes.ts": {"path":"/Users/rodrigorafaelchipacheco/Desktop/NodeJs/inventary/src/v1/routes/userRoutes.ts","statementMap":{"0":{"start":{"line":1,"column":0},"end":{"line":1,"column":33}},"1":{"start":{"line":2,"column":0},"end":{"line":2,"column":66}},"2":{"start":{"line":3,"column":0},"end":{"line":3,"column":null}},"3":{"start":{"line":8,"column":15},"end":{"line":8,"column":23}},"4":{"start":{"line":9,"column":23},"end":{"line":9,"column":43}},"5":{"start":{"line":11,"column":0},"end":{"line":15,"column":55}},"6":{"start":{"line":17,"column":0},"end":{"line":21,"column":37}},"7":{"start":{"line":23,"column":0},"end":{"line":23,"column":22}}},"fnMap":{},"branchMap":{},"s":{"0":0,"1":0,"2":0,"3":0,"4":0,"5":0,"6":0,"7":0},"f":{},"b":{}}
}
