TN:
SF:src/controllers/UserController.ts
FN:9,(anonymous_0)
FN:16,(anonymous_1)
FN:28,(anonymous_2)
FN:40,(anonymous_3)
FN:53,(anonymous_4)
FN:69,(anonymous_5)
FNF:6
FNH:6
FNDA:5,(anonymous_0)
FNDA:1,(anonymous_1)
FNDA:1,(anonymous_2)
FNDA:1,(anonymous_3)
FNDA:1,(anonymous_4)
FNDA:1,(anonymous_5)
DA:2,1
DA:3,1
DA:4,1
DA:6,1
DA:10,5
DA:16,5
DA:21,1
DA:22,1
DA:28,5
DA:33,1
DA:34,1
DA:40,5
DA:45,1
DA:46,1
DA:47,1
DA:53,5
DA:58,1
DA:59,1
DA:63,1
DA:69,5
DA:74,1
DA:75,1
LF:22
LH:22
BRF:0
BRH:0
end_of_record
TN:
SF:src/dtos/user.dto.ts
FNF:0
FNH:0
DA:1,3
DA:10,3
DA:15,3
DA:19,3
DA:23,3
DA:30,3
DA:33,3
DA:38,3
DA:42,3
DA:46,3
DA:53,3
DA:56,3
LF:12
LH:12
BRF:0
BRH:0
end_of_record
TN:
SF:src/entities/User.ts
FNF:0
FNH:0
DA:1,2
DA:10,2
DA:12,2
DA:15,2
DA:18,2
DA:21,2
DA:24,2
DA:27,2
DA:30,2
LF:9
LH:9
BRF:0
BRH:0
end_of_record
TN:
SF:src/mappers/base.mapper.ts
FN:27,(anonymous_0)
FN:28,(anonymous_1)
FNF:2
FNH:2
FNDA:2,(anonymous_0)
FNDA:4,(anonymous_1)
DA:14,2
DA:28,4
LF:2
LH:2
BRF:0
BRH:0
end_of_record
TN:
SF:src/mappers/user.mapper.ts
FN:19,(anonymous_9)
FN:31,(anonymous_10)
FN:40,(anonymous_11)
FN:61,(anonymous_12)
FN:77,(anonymous_13)
FN:92,(anonymous_14)
FNF:6
FNH:6
FNDA:4,(anonymous_9)
FNDA:2,(anonymous_10)
FNDA:5,(anonymous_11)
FNDA:3,(anonymous_12)
FNDA:7,(anonymous_13)
FNDA:3,(anonymous_14)
DA:1,2
DA:2,2
DA:7,2
DA:8,2
DA:10,2
DA:20,4
DA:21,4
DA:22,4
DA:23,4
DA:25,4
DA:32,2
DA:33,2
DA:34,2
DA:41,5
DA:43,5
DA:44,5
DA:47,5
DA:48,4
DA:51,5
DA:52,0
DA:55,5
DA:65,3
DA:67,3
DA:68,1
DA:71,3
DA:78,7
DA:79,7
DA:80,7
DA:81,7
DA:82,7
DA:83,7
DA:84,7
DA:86,7
DA:93,3
LF:34
LH:33
BRDA:23,0,0,4
BRDA:23,0,1,1
BRDA:43,1,0,5
BRDA:43,1,1,0
BRDA:47,2,0,4
BRDA:47,2,1,1
BRDA:51,3,0,0
BRDA:51,3,1,5
BRDA:67,4,0,1
BRDA:67,4,1,2
BRF:10
BRH:8
end_of_record
TN:
SF:src/middleware/errorHandler.ts
FN:7,(anonymous_0)
FN:16,(anonymous_1)
FN:22,(anonymous_2)
FN:28,(anonymous_3)
FN:33,(anonymous_4)
FN:51,(anonymous_5)
FNF:6
FNH:3
FNDA:5,(anonymous_0)
FNDA:4,(anonymous_1)
FNDA:1,(anonymous_2)
FNDA:0,(anonymous_3)
FNDA:0,(anonymous_4)
FNDA:0,(anonymous_5)
DA:2,1
DA:4,1
DA:8,5
DA:9,5
DA:10,5
DA:11,5
DA:15,1
DA:17,4
DA:21,1
DA:23,1
DA:27,1
DA:29,0
DA:33,1
DA:39,0
DA:41,0
DA:42,0
DA:46,0
DA:50,0
DA:51,0
DA:52,0
DA:56,0
DA:60,0
LF:22
LH:12
BRDA:7,0,0,0
BRDA:16,1,0,0
BRDA:22,2,0,0
BRDA:28,3,0,0
BRDA:41,4,0,0
BRDA:41,4,1,0
BRDA:50,5,0,0
BRDA:50,5,1,0
BRDA:50,6,0,0
BRDA:50,6,1,0
BRF:10
BRH:0
end_of_record
TN:
SF:src/middleware/validation.ts
FN:12,validateDto
FN:16,(anonymous_1)
FN:45,formatValidationErrors
FN:47,(anonymous_3)
FN:53,(anonymous_4)
FNF:5
FNH:0
FNDA:0,validateDto
FNDA:0,(anonymous_1)
FNDA:0,formatValidationErrors
FNDA:0,(anonymous_3)
FNDA:0,(anonymous_4)
DA:2,0
DA:3,0
DA:4,0
DA:5,0
DA:12,0
DA:16,0
DA:21,0
DA:22,0
DA:23,0
DA:29,0
DA:30,0
DA:31,0
DA:34,0
DA:35,0
DA:37,0
DA:46,0
DA:48,0
DA:49,0
DA:51,0
DA:53,0
DA:58,0
DA:59,0
LF:22
LH:0
BRDA:14,0,0,0
BRDA:29,1,0,0
BRDA:29,1,1,0
BRDA:48,2,0,0
BRDA:48,2,1,0
BRF:5
BRH:0
end_of_record
TN:
SF:src/services/UserService.ts
FN:16,(anonymous_0)
FN:24,(anonymous_1)
FN:33,(anonymous_2)
FN:42,(anonymous_3)
FN:60,(anonymous_4)
FN:93,(anonymous_5)
FN:102,(anonymous_6)
FN:113,(anonymous_7)
FN:124,(anonymous_8)
FNF:9
FNH:9
FNDA:9,(anonymous_0)
FNDA:1,(anonymous_1)
FNDA:2,(anonymous_2)
FNDA:2,(anonymous_3)
FNDA:2,(anonymous_4)
FNDA:2,(anonymous_5)
FNDA:6,(anonymous_6)
FNDA:6,(anonymous_7)
FNDA:3,(anonymous_8)
DA:2,1
DA:8,1
DA:9,1
DA:10,1
DA:12,1
DA:17,9
DA:18,9
DA:25,1
DA:26,1
DA:34,2
DA:35,2
DA:36,1
DA:44,2
DA:47,1
DA:50,1
DA:51,1
DA:53,1
DA:64,2
DA:67,2
DA:70,1
DA:71,1
DA:75,1
DA:79,1
DA:80,1
DA:82,1
DA:83,1
DA:86,0
DA:94,2
DA:95,2
DA:96,1
DA:103,6
DA:104,6
DA:105,0
DA:107,6
DA:114,6
DA:115,6
DA:116,3
DA:118,3
DA:128,3
DA:129,3
DA:130,1
LF:41
LH:39
BRDA:70,0,0,1
BRDA:70,0,1,0
BRDA:70,1,0,1
BRDA:70,1,1,1
BRDA:82,2,0,1
BRDA:82,2,1,0
BRDA:103,3,0,0
BRDA:103,3,1,6
BRDA:104,4,0,0
BRDA:104,4,1,6
BRDA:115,5,0,3
BRDA:115,5,1,3
BRDA:129,6,0,1
BRDA:129,6,1,2
BRDA:129,7,0,3
BRDA:129,7,1,2
BRDA:129,7,2,1
BRF:17
BRH:13
end_of_record
TN:
SF:src/v1/routes/userRoutes.ts
FNF:0
FNH:0
DA:1,0
DA:2,0
DA:3,0
DA:8,0
DA:9,0
DA:11,0
DA:17,0
DA:23,0
LF:8
LH:0
BRF:0
BRH:0
end_of_record
